  [1m[35m (1.2ms)[0m  [1m[35mCREATE TABLE "schema_migrations" ("version" varchar NOT NULL PRIMARY KEY)[0m
  [1m[35m (1.2ms)[0m  [1m[35mCREATE TABLE "ar_internal_metadata" ("key" varchar NOT NULL PRIMARY KEY, "value" varchar, "created_at" datetime(6) NOT NULL, "updated_at" datetime(6) NOT NULL)[0m
  [1m[36mActiveRecord::SchemaMigration Pluck (0.3ms)[0m  [1m[34mSELECT "schema_migrations"."version" FROM "schema_migrations" ORDER BY "schema_migrations"."version" ASC[0m
Migrating to Users (20230404214053)
  [1m[36mTRANSACTION (0.1ms)[0m  [1m[36mbegin transaction[0m
  [1m[36mActiveRecord::SchemaMigration Create (0.6ms)[0m  [1m[32mINSERT INTO "schema_migrations" ("version") VALUES (?)[0m  [["version", "20230404214053"]]
  [1m[36mTRANSACTION (0.8ms)[0m  [1m[36mcommit transaction[0m
  [1m[36mActiveRecord::InternalMetadata Load (0.1ms)[0m  [1m[34mSELECT "ar_internal_metadata".* FROM "ar_internal_metadata" WHERE "ar_internal_metadata"."key" = ? LIMIT ?[0m  [["key", "environment"], ["LIMIT", 1]]
  [1m[36mTRANSACTION (0.0ms)[0m  [1m[36mbegin transaction[0m
  [1m[36mActiveRecord::InternalMetadata Create (0.3ms)[0m  [1m[32mINSERT INTO "ar_internal_metadata" ("key", "value", "created_at", "updated_at") VALUES (?, ?, ?, ?)[0m  [["key", "environment"], ["value", "development"], ["created_at", "2023-04-04 21:50:44.886519"], ["updated_at", "2023-04-04 21:50:44.886519"]]
  [1m[36mTRANSACTION (0.7ms)[0m  [1m[36mcommit transaction[0m
  [1m[36mActiveRecord::SchemaMigration Pluck (0.3ms)[0m  [1m[34mSELECT "schema_migrations"."version" FROM "schema_migrations" ORDER BY "schema_migrations"."version" ASC[0m
  [1m[36mActiveRecord::InternalMetadata Load (0.2ms)[0m  [1m[34mSELECT "ar_internal_metadata".* FROM "ar_internal_metadata" WHERE "ar_internal_metadata"."key" = ? LIMIT ?[0m  [["key", "environment"], ["LIMIT", 1]]
  [1m[36mActiveRecord::SchemaMigration Pluck (0.1ms)[0m  [1m[34mSELECT "schema_migrations"."version" FROM "schema_migrations" ORDER BY "schema_migrations"."version" ASC[0m
  [1m[36mActiveRecord::SchemaMigration Pluck (0.3ms)[0m  [1m[34mSELECT "schema_migrations"."version" FROM "schema_migrations" ORDER BY "schema_migrations"."version" ASC[0m
Migrating to AddUsernameToUsers (20230404220053)
  [1m[36mTRANSACTION (0.1ms)[0m  [1m[36mbegin transaction[0m
  [1m[35m (0.3ms)[0m  [1m[35mALTER TABLE "users" ADD "username" varchar[0m
  [1m[36mTRANSACTION (0.1ms)[0m  [1m[31mrollback transaction[0m
  [1m[36mActiveRecord::SchemaMigration Pluck (0.2ms)[0m  [1m[34mSELECT "schema_migrations"."version" FROM "schema_migrations" ORDER BY "schema_migrations"."version" ASC[0m
Migrating to AddUsernameToUsers (20230404220053)
  [1m[36mTRANSACTION (0.0ms)[0m  [1m[36mbegin transaction[0m
  [1m[35m (0.3ms)[0m  [1m[35mALTER TABLE "users" ADD "username" varchar[0m
  [1m[36mTRANSACTION (0.0ms)[0m  [1m[31mrollback transaction[0m
  [1m[35m (24.4ms)[0m  [1m[35mCREATE TABLE "schema_migrations" ("version" character varying NOT NULL PRIMARY KEY)[0m
  [1m[35m (6.4ms)[0m  [1m[35mCREATE TABLE "ar_internal_metadata" ("key" character varying NOT NULL PRIMARY KEY, "value" character varying, "created_at" timestamp(6) NOT NULL, "updated_at" timestamp(6) NOT NULL)[0m
  [1m[35m (1.7ms)[0m  [1m[34mSELECT pg_try_advisory_lock(737815420147457505)[0m
  [1m[36mActiveRecord::SchemaMigration Pluck (1.8ms)[0m  [1m[34mSELECT "schema_migrations"."version" FROM "schema_migrations" ORDER BY "schema_migrations"."version" ASC[0m
Migrating to AddUsernameToUsers (20230404220053)
  [1m[36mTRANSACTION (1.7ms)[0m  [1m[35mBEGIN[0m
  [1m[35m (2.3ms)[0m  [1m[35mALTER TABLE "users" ADD "username" character varying[0m
  [1m[36mTRANSACTION (0.9ms)[0m  [1m[31mROLLBACK[0m
  [1m[35m (1.4ms)[0m  [1m[34mSELECT pg_advisory_unlock(737815420147457505)[0m
  [1m[35m (5.4ms)[0m  [1m[35mCREATE TABLE "schema_migrations" ("version" character varying NOT NULL PRIMARY KEY)[0m
  [1m[35m (4.2ms)[0m  [1m[35mCREATE TABLE "ar_internal_metadata" ("key" character varying NOT NULL PRIMARY KEY, "value" character varying, "created_at" timestamp(6) NOT NULL, "updated_at" timestamp(6) NOT NULL)[0m
  [1m[35m (1.0ms)[0m  [1m[34mSELECT pg_try_advisory_lock(737815420147457505)[0m
  [1m[36mActiveRecord::SchemaMigration Pluck (1.5ms)[0m  [1m[34mSELECT "schema_migrations"."version" FROM "schema_migrations" ORDER BY "schema_migrations"."version" ASC[0m
Migrating to AddUsernameToUsers (20230404220053)
  [1m[36mTRANSACTION (1.6ms)[0m  [1m[35mBEGIN[0m
  [1m[35m (1.8ms)[0m  [1m[35mALTER TABLE "users" ADD "username" character varying[0m
  [1m[36mTRANSACTION (1.2ms)[0m  [1m[31mROLLBACK[0m
  [1m[35m (1.3ms)[0m  [1m[34mSELECT pg_advisory_unlock(737815420147457505)[0m
  [1m[35m (1.0ms)[0m  [1m[34mSELECT pg_try_advisory_lock(737815420147457505)[0m
  [1m[36mActiveRecord::SchemaMigration Pluck (1.6ms)[0m  [1m[34mSELECT "schema_migrations"."version" FROM "schema_migrations" ORDER BY "schema_migrations"."version" ASC[0m
Migrating to CreateRoles (20230407153236)
  [1m[36mTRANSACTION (1.5ms)[0m  [1m[35mBEGIN[0m
  [1m[35m (8.2ms)[0m  [1m[35mCREATE TABLE "roles" ("id" bigserial primary key, "name" character varying, "created_at" timestamp(6) NOT NULL, "updated_at" timestamp(6) NOT NULL)[0m
  [1m[35m (3.3ms)[0m  [1m[35mCREATE UNIQUE INDEX "index_roles_on_name" ON "roles" ("name")[0m
  [1m[36mActiveRecord::SchemaMigration Create (3.7ms)[0m  [1m[32mINSERT INTO "schema_migrations" ("version") VALUES ($1) RETURNING "version"[0m  [["version", "20230407153236"]]
  [1m[36mTRANSACTION (13.4ms)[0m  [1m[35mCOMMIT[0m
Migrating to CreateUsers (20230407153334)
  [1m[36mTRANSACTION (2.1ms)[0m  [1m[35mBEGIN[0m
  [1m[35m (29.8ms)[0m  [1m[35mCREATE TABLE "users" ("id" bigserial primary key, "name" character varying, "email" character varying, "password_digest" character varying, "role_id" bigint NOT NULL, "created_at" timestamp(6) NOT NULL, "updated_at" timestamp(6) NOT NULL, CONSTRAINT "fk_rails_642f17018b"
FOREIGN KEY ("role_id")
  REFERENCES "roles" ("id")
)[0m
  [1m[35m (3.8ms)[0m  [1m[35mCREATE INDEX "index_users_on_role_id" ON "users" ("role_id")[0m
  [1m[35m (5.2ms)[0m  [1m[35mCREATE UNIQUE INDEX "index_users_on_email" ON "users" ("email")[0m
  [1m[36mActiveRecord::SchemaMigration Create (1.1ms)[0m  [1m[32mINSERT INTO "schema_migrations" ("version") VALUES ($1) RETURNING "version"[0m  [["version", "20230407153334"]]
  [1m[36mTRANSACTION (1.8ms)[0m  [1m[35mCOMMIT[0m
  [1m[36mActiveRecord::InternalMetadata Load (1.2ms)[0m  [1m[34mSELECT "ar_internal_metadata".* FROM "ar_internal_metadata" WHERE "ar_internal_metadata"."key" = $1 LIMIT $2[0m  [["key", "environment"], ["LIMIT", 1]]
  [1m[36mTRANSACTION (1.4ms)[0m  [1m[35mBEGIN[0m
  [1m[36mActiveRecord::InternalMetadata Create (1.6ms)[0m  [1m[32mINSERT INTO "ar_internal_metadata" ("key", "value", "created_at", "updated_at") VALUES ($1, $2, $3, $4) RETURNING "key"[0m  [["key", "environment"], ["value", "development"], ["created_at", "2023-04-07 15:34:09.277784"], ["updated_at", "2023-04-07 15:34:09.277784"]]
  [1m[36mTRANSACTION (1.4ms)[0m  [1m[35mCOMMIT[0m
  [1m[35m (1.5ms)[0m  [1m[34mSELECT pg_advisory_unlock(737815420147457505)[0m
  [1m[36mActiveRecord::SchemaMigration Pluck (1.8ms)[0m  [1m[34mSELECT "schema_migrations"."version" FROM "schema_migrations" ORDER BY "schema_migrations"."version" ASC[0m
  [1m[35m (1.0ms)[0m  [1m[34mSELECT pg_try_advisory_lock(737815420147457505)[0m
  [1m[36mActiveRecord::SchemaMigration Pluck (3.3ms)[0m  [1m[34mSELECT "schema_migrations"."version" FROM "schema_migrations" ORDER BY "schema_migrations"."version" ASC[0m
Migrating to CreateReimbursements (20230407154207)
  [1m[36mTRANSACTION (0.9ms)[0m  [1m[35mBEGIN[0m
  [1m[35m (26.0ms)[0m  [1m[35mCREATE TABLE "reimbursements" ("id" bigserial primary key, "description" character varying, "status" character varying, "amount" float, "user_id" bigint NOT NULL, "created_at" timestamp(6) NOT NULL, "updated_at" timestamp(6) NOT NULL, CONSTRAINT "fk_rails_e34cfaea3f"
FOREIGN KEY ("user_id")
  REFERENCES "users" ("id")
)[0m
  [1m[35m (4.0ms)[0m  [1m[35mCREATE INDEX "index_reimbursements_on_user_id" ON "reimbursements" ("user_id")[0m
  [1m[36mActiveRecord::SchemaMigration Create (1.6ms)[0m  [1m[32mINSERT INTO "schema_migrations" ("version") VALUES ($1) RETURNING "version"[0m  [["version", "20230407154207"]]
  [1m[36mTRANSACTION (3.1ms)[0m  [1m[35mCOMMIT[0m
  [1m[36mActiveRecord::InternalMetadata Load (3.8ms)[0m  [1m[34mSELECT "ar_internal_metadata".* FROM "ar_internal_metadata" WHERE "ar_internal_metadata"."key" = $1 LIMIT $2[0m  [["key", "environment"], ["LIMIT", 1]]
  [1m[35m (1.6ms)[0m  [1m[34mSELECT pg_advisory_unlock(737815420147457505)[0m
  [1m[36mActiveRecord::SchemaMigration Pluck (1.5ms)[0m  [1m[34mSELECT "schema_migrations"."version" FROM "schema_migrations" ORDER BY "schema_migrations"."version" ASC[0m
Started GET "/reimbursements/view" for 127.0.0.1 at 2023-04-07 14:31:31 -0500
  [1m[36mActiveRecord::SchemaMigration Pluck (1.4ms)[0m  [1m[34mSELECT "schema_migrations"."version" FROM "schema_migrations" ORDER BY "schema_migrations"."version" ASC[0m
  
NameError (undefined local variable or method `current_user_helper' for ApplicationController:Class):
  
app/controllers/application_controller.rb:3:in `<class:ApplicationController>'
app/controllers/application_controller.rb:2:in `<main>'
app/controllers/reimbursements_controller.rb:1:in `<main>'
Started GET "/index" for 127.0.0.1 at 2023-04-07 14:31:41 -0500
  
ActionController::RoutingError (No route matches [GET] "/index"):
  
Started GET "/reimbursements/index" for 127.0.0.1 at 2023-04-07 14:31:52 -0500
  
NameError (undefined local variable or method `current_user_helper' for ApplicationController:Class):
  
app/controllers/application_controller.rb:3:in `<class:ApplicationController>'
app/controllers/application_controller.rb:2:in `<main>'
app/controllers/reimbursements_controller.rb:1:in `<main>'
Started GET "/reimbursements/create" for 127.0.0.1 at 2023-04-07 14:32:40 -0500
  
NameError (undefined local variable or method `current_user_helper' for ApplicationController:Class):
  
app/controllers/application_controller.rb:3:in `<class:ApplicationController>'
app/controllers/application_controller.rb:2:in `<main>'
app/controllers/reimbursements_controller.rb:1:in `<main>'
Started GET "/reimbursements/index" for 127.0.0.1 at 2023-04-07 14:33:03 -0500
  
NoMethodError (undefined method `current_user_helper' for ApplicationController:Class):
  
app/controllers/application_controller.rb:6:in `<class:ApplicationController>'
app/controllers/application_controller.rb:2:in `<main>'
app/controllers/reimbursements_controller.rb:1:in `<main>'
Started GET "/reimbursements/index" for 127.0.0.1 at 2023-04-07 14:33:35 -0500
  [1m[36mActiveRecord::SchemaMigration Pluck (1.4ms)[0m  [1m[34mSELECT "schema_migrations"."version" FROM "schema_migrations" ORDER BY "schema_migrations"."version" ASC[0m
  
NoMethodError (undefined method `current_user_helper' for ApplicationController:Class):
  
app/controllers/application_controller.rb:6:in `<class:ApplicationController>'
app/controllers/application_controller.rb:2:in `<main>'
app/controllers/reimbursements_controller.rb:1:in `<main>'
Started GET "/reimbursements/index" for 127.0.0.1 at 2023-04-07 14:35:36 -0500
  [1m[36mActiveRecord::SchemaMigration Pluck (1.7ms)[0m  [1m[34mSELECT "schema_migrations"."version" FROM "schema_migrations" ORDER BY "schema_migrations"."version" ASC[0m
  
NoMethodError (undefined method `current_user_helper' for ApplicationController:Class):
  
app/controllers/application_controller.rb:7:in `<class:ApplicationController>'
app/controllers/application_controller.rb:2:in `<main>'
app/controllers/reimbursements_controller.rb:1:in `<main>'
Started GET "/reimbursements/index" for 127.0.0.1 at 2023-04-07 14:52:14 -0500
  [1m[36mActiveRecord::SchemaMigration Pluck (1.4ms)[0m  [1m[34mSELECT "schema_migrations"."version" FROM "schema_migrations" ORDER BY "schema_migrations"."version" ASC[0m
Processing by ReimbursementsController#show as */*
  Parameters: {"id"=>"index"}
Completed 500 Internal Server Error in 17ms (ActiveRecord: 0.0ms | Allocations: 4173)


  
NoMethodError (undefined method `manager?' for nil:NilClass):
  
app/controllers/reimbursements_controller.rb:12:in `show'
Started GET "/reimbursements/index" for 127.0.0.1 at 2023-04-07 14:52:56 -0500
  [1m[36mActiveRecord::SchemaMigration Pluck (1.5ms)[0m  [1m[34mSELECT "schema_migrations"."version" FROM "schema_migrations" ORDER BY "schema_migrations"."version" ASC[0m
Processing by ReimbursementsController#show as */*
  Parameters: {"id"=>"index"}
Completed 500 Internal Server Error in 8ms (ActiveRecord: 0.0ms | Allocations: 2461)


  
NoMethodError (undefined method `manager?' for nil:NilClass):
  
app/controllers/reimbursements_controller.rb:12:in `show'
Started GET "/reimbursements/index" for 127.0.0.1 at 2023-04-07 14:53:48 -0500
  [1m[36mActiveRecord::SchemaMigration Pluck (3.4ms)[0m  [1m[34mSELECT "schema_migrations"."version" FROM "schema_migrations" ORDER BY "schema_migrations"."version" ASC[0m
Processing by ReimbursementsController#show as */*
  Parameters: {"id"=>"index"}
Completed 500 Internal Server Error in 10ms (ActiveRecord: 0.0ms | Allocations: 2461)


  
NoMethodError (undefined method `manager?' for nil:NilClass):
  
app/controllers/reimbursements_controller.rb:12:in `show'
Started GET "/reimbursements/" for 127.0.0.1 at 2023-04-07 14:54:14 -0500
Processing by ReimbursementsController#index as */*
Completed 204 No Content in 13ms (ActiveRecord: 0.0ms | Allocations: 2254)


Started GET "/reimbursements/:id" for 127.0.0.1 at 2023-04-07 14:54:25 -0500
Processing by ReimbursementsController#show as */*
  Parameters: {"id"=>":id"}
Completed 500 Internal Server Error in 0ms (ActiveRecord: 0.0ms | Allocations: 117)


  
NoMethodError (undefined method `manager?' for nil:NilClass):
  
app/controllers/reimbursements_controller.rb:12:in `show'
Started GET "/reimbursements/" for 127.0.0.1 at 2023-04-07 14:54:41 -0500
Processing by ReimbursementsController#index as */*
Completed 204 No Content in 0ms (ActiveRecord: 0.0ms | Allocations: 51)


Started GET "/reimbursements/:id" for 127.0.0.1 at 2023-04-07 14:54:52 -0500
Processing by ReimbursementsController#show as */*
  Parameters: {"id"=>":id"}
Completed 500 Internal Server Error in 0ms (ActiveRecord: 0.0ms | Allocations: 106)


  
NoMethodError (undefined method `manager?' for nil:NilClass):
  
app/controllers/reimbursements_controller.rb:12:in `show'
Started GET "/reimbursements/:id" for 127.0.0.1 at 2023-04-07 14:56:29 -0500
  [1m[36mActiveRecord::SchemaMigration Pluck (1.4ms)[0m  [1m[34mSELECT "schema_migrations"."version" FROM "schema_migrations" ORDER BY "schema_migrations"."version" ASC[0m
Processing by ReimbursementsController#show as */*
  Parameters: {"id"=>":id"}
Completed 500 Internal Server Error in 9ms (ActiveRecord: 0.0ms | Allocations: 2461)


  
NoMethodError (undefined method `manager?' for nil:NilClass):
  
app/controllers/reimbursements_controller.rb:12:in `show'
Started POST "/reimbursements/" for 127.0.0.1 at 2023-04-07 15:01:20 -0500
Processing by ReimbursementsController#create as */*
  Parameters: {"id"=>11, "description"=>"for refund", "status"=>"not done", "amount"=>40, "user_id"=>1, "reimbursement"=>{"id"=>11, "description"=>"for refund", "status"=>"not done", "amount"=>40, "user_id"=>1}}
Completed 500 Internal Server Error in 0ms (ActiveRecord: 3.9ms | Allocations: 153)


  
NoMethodError (undefined method `Reimbursement' for nil:NilClass):
  
app/controllers/reimbursements_controller.rb:60:in `create'
Started POST "/reimbursements/" for 127.0.0.1 at 2023-04-07 15:06:18 -0500
  [1m[36mActiveRecord::SchemaMigration Pluck (1.7ms)[0m  [1m[34mSELECT "schema_migrations"."version" FROM "schema_migrations" ORDER BY "schema_migrations"."version" ASC[0m
Processing by ReimbursementsController#create as */*
  Parameters: {"id"=>11, "description"=>"for refund", "status"=>"not done", "amount"=>40, "user_id"=>1, "reimbursement"=>{"id"=>11, "description"=>"for refund", "status"=>"not done", "amount"=>40, "user_id"=>1}}
Completed 500 Internal Server Error in 12ms (ActiveRecord: 6.6ms | Allocations: 3026)


  
NoMethodError (undefined method `id' for nil:NilClass):
  
app/controllers/reimbursements_controller.rb:61:in `create'
Started POST "/" for 127.0.0.1 at 2023-04-07 15:31:55 -0500
  [1m[36mActiveRecord::SchemaMigration Pluck (3.9ms)[0m  [1m[34mSELECT "schema_migrations"."version" FROM "schema_migrations" ORDER BY "schema_migrations"."version" ASC[0m
  
ActionController::RoutingError (No route matches [POST] "/"):
  
Started GET "/" for 127.0.0.1 at 2023-04-07 15:32:01 -0500
Processing by Rails::WelcomeController#index as */*
  Parameters: {"id"=>11, "description"=>"for refund", "status"=>"not done", "amount"=>40, "user_id"=>1, "welcome"=>{"id"=>11, "description"=>"for refund", "status"=>"not done", "amount"=>40, "user_id"=>1}}
  Rendering /Users/admin/.rvm/gems/ruby-3.2.2/gems/railties-7.0.4.3/lib/rails/templates/rails/welcome/index.html.erb
  Rendered /Users/admin/.rvm/gems/ruby-3.2.2/gems/railties-7.0.4.3/lib/rails/templates/rails/welcome/index.html.erb (Duration: 4.3ms | Allocations: 634)
Completed 200 OK in 83ms (Views: 46.3ms | ActiveRecord: 0.0ms | Allocations: 5294)


Started GET "/reimbursements" for 127.0.0.1 at 2023-04-07 15:32:22 -0500
Processing by ReimbursementsController#index as */*
  Parameters: {"id"=>11, "description"=>"for refund", "status"=>"not done", "amount"=>40, "user_id"=>1, "reimbursement"=>{"id"=>11, "description"=>"for refund", "status"=>"not done", "amount"=>40, "user_id"=>1}}
Completed 204 No Content in 1ms (ActiveRecord: 14.7ms | Allocations: 183)


Started POST "/reimbursements" for 127.0.0.1 at 2023-04-07 15:32:31 -0500
Processing by ReimbursementsController#create as */*
  Parameters: {"id"=>11, "description"=>"for refund", "status"=>"not done", "amount"=>40, "user_id"=>1, "reimbursement"=>{"id"=>11, "description"=>"for refund", "status"=>"not done", "amount"=>40, "user_id"=>1}}
Completed 500 Internal Server Error in 2ms (ActiveRecord: 0.0ms | Allocations: 407)


  
NoMethodError (undefined method `id' for nil:NilClass):
  
app/controllers/reimbursements_controller.rb:61:in `create'
Started GET "/reimbursements/:id" for 127.0.0.1 at 2023-04-07 15:32:53 -0500
Processing by ReimbursementsController#show as */*
  Parameters: {"id"=>":id", "description"=>"for refund", "status"=>"not done", "amount"=>40, "user_id"=>1, "reimbursement"=>{"id"=>":id", "description"=>"for refund", "status"=>"not done", "amount"=>40, "user_id"=>1}}
Completed 500 Internal Server Error in 0ms (ActiveRecord: 0.0ms | Allocations: 108)


  
NoMethodError (undefined method `manager?' for nil:NilClass):
  
app/controllers/reimbursements_controller.rb:12:in `show'
Started GET "/reimbursements/1" for 127.0.0.1 at 2023-04-07 15:34:25 -0500
Processing by ReimbursementsController#show as */*
  Parameters: {"id"=>"1", "reimbursement"=>{}}
Completed 500 Internal Server Error in 0ms (ActiveRecord: 0.0ms | Allocations: 105)


  
NoMethodError (undefined method `manager?' for nil:NilClass):
  
app/controllers/reimbursements_controller.rb:12:in `show'
Started GET "/reimbursements/1" for 127.0.0.1 at 2023-04-07 15:35:13 -0500
  [1m[36mActiveRecord::SchemaMigration Pluck (1.7ms)[0m  [1m[34mSELECT "schema_migrations"."version" FROM "schema_migrations" ORDER BY "schema_migrations"."version" ASC[0m
Processing by ReimbursementsController#show as */*
  Parameters: {"id"=>"1", "reimbursement"=>{}}
Completed 500 Internal Server Error in 9ms (ActiveRecord: 6.0ms | Allocations: 2464)


  
NoMethodError (undefined method `Reimbursement' for nil:NilClass):
  
app/controllers/reimbursements_controller.rb:18:in `show'
  [1m[36mActiveRecord::SchemaMigration Pluck (1.6ms)[0m  [1m[34mSELECT "schema_migrations"."version" FROM "schema_migrations" ORDER BY "schema_migrations"."version" ASC[0m
  [1m[36mTRANSACTION (1.1ms)[0m  [1m[35mBEGIN[0m
  [1m[36mRole Create (4.1ms)[0m  [1m[32mINSERT INTO "roles" ("name", "created_at", "updated_at") VALUES ($1, $2, $3) RETURNING "id"[0m  [["name", "manager"], ["created_at", "2023-04-07 20:45:28.584472"], ["updated_at", "2023-04-07 20:45:28.584472"]]
  [1m[36mTRANSACTION (2.0ms)[0m  [1m[35mCOMMIT[0m
  [1m[36mTRANSACTION (1.3ms)[0m  [1m[35mBEGIN[0m
  [1m[36mRole Create (1.1ms)[0m  [1m[32mINSERT INTO "roles" ("name", "created_at", "updated_at") VALUES ($1, $2, $3) RETURNING "id"[0m  [["name", "employee"], ["created_at", "2023-04-07 20:45:28.634822"], ["updated_at", "2023-04-07 20:45:28.634822"]]
  [1m[36mTRANSACTION (1.5ms)[0m  [1m[35mCOMMIT[0m
  [1m[36mActiveRecord::SchemaMigration Pluck (1.8ms)[0m  [1m[34mSELECT "schema_migrations"."version" FROM "schema_migrations" ORDER BY "schema_migrations"."version" ASC[0m
  [1m[36mTRANSACTION (1.2ms)[0m  [1m[35mBEGIN[0m
  [1m[36mRole Create (3.8ms)[0m  [1m[32mINSERT INTO "roles" ("name", "created_at", "updated_at") VALUES ($1, $2, $3) RETURNING "id"[0m  [["name", "manager"], ["created_at", "2023-04-07 20:45:55.371005"], ["updated_at", "2023-04-07 20:45:55.371005"]]
  [1m[36mTRANSACTION (1.9ms)[0m  [1m[31mROLLBACK[0m
  [1m[36mActiveRecord::SchemaMigration Pluck (1.6ms)[0m  [1m[34mSELECT "schema_migrations"."version" FROM "schema_migrations" ORDER BY "schema_migrations"."version" ASC[0m
  [1m[36mRole Load (1.1ms)[0m  [1m[34mSELECT "roles".* FROM "roles" WHERE "roles"."name" = $1 LIMIT $2[0m  [["name", "manager"], ["LIMIT", 1]]
  [1m[36mRole Load (1.6ms)[0m  [1m[34mSELECT "roles".* FROM "roles" WHERE "roles"."name" = $1 LIMIT $2[0m  [["name", "employee"], ["LIMIT", 1]]
  [1m[36mTRANSACTION (1.3ms)[0m  [1m[35mBEGIN[0m
  [1m[36mUser Create (4.7ms)[0m  [1m[32mINSERT INTO "users" ("name", "email", "password_digest", "role_id", "created_at", "updated_at") VALUES ($1, $2, $3, $4, $5, $6) RETURNING "id"[0m  [["name", "John Manager"], ["email", "da_boss@localhost.com"], ["password_digest", "[FILTERED]"], ["role_id", 1], ["created_at", "2023-04-07 20:46:46.315901"], ["updated_at", "2023-04-07 20:46:46.315901"]]
  [1m[36mTRANSACTION (1.2ms)[0m  [1m[35mCOMMIT[0m
  [1m[36mTRANSACTION (1.5ms)[0m  [1m[35mBEGIN[0m
  [1m[36mUser Create (1.5ms)[0m  [1m[32mINSERT INTO "users" ("name", "email", "password_digest", "role_id", "created_at", "updated_at") VALUES ($1, $2, $3, $4, $5, $6) RETURNING "id"[0m  [["name", "Karl Peasant"], ["email", "karl@localhost.com"], ["password_digest", "[FILTERED]"], ["role_id", 2], ["created_at", "2023-04-07 20:46:46.570793"], ["updated_at", "2023-04-07 20:46:46.570793"]]
  [1m[36mTRANSACTION (2.3ms)[0m  [1m[35mCOMMIT[0m
  [1m[36mUser Load (1.4ms)[0m  [1m[34mSELECT "users".* FROM "users"[0m
